<?xml version="1.0" encoding="UTF-8"?>
<!-- Generated by org.testng.reporters.JUnitReportReporter -->
<testsuite skipped="0" hostname="LAPTOP-9R55L3GO" name="bankTestPackage.DB_Connect" tests="1" failures="0" timestamp="2020-12-22T22:55:20 AEDT" time="3.955" errors="0">
  <testcase name="databaseconnect" time="3.955" classname="bankTestPackage.DB_Connect"/>
  <system-out/>
</testsuite> <!-- bankTestPackage.DB_Connect -->
